(q, r): (0.08937981353871098, 0.10924092409240924)
eps: 1.0 (rho_0, rho_1): (0.4469890481906221, 0.5)
SB acc:0.5277272220777773
Viterbi Acc: 0.5498272852208149
fold: 0
Loss after epoch 0 : 0.6933998155433905
Accuracy after epoch 0 : 0.5121167046343895
Test accuracy after epoch 0 : 0.5069897591456674
Loss after epoch 1 : 0.6855636804437784
Accuracy after epoch 1 : 0.553826091754291
Test accuracy after epoch 1 : 0.6777260075910894
Loss after epoch 2 : 0.6651017531223526
Accuracy after epoch 2 : 0.6144095600520768
Test accuracy after epoch 2 : 0.6279589983201538
Loss after epoch 3 : 0.6652115747053463
Accuracy after epoch 3 : 0.6090968557695872
Test accuracy after epoch 3 : 0.6273998189839046
Loss after epoch 4 : 0.6606703183405687
Accuracy after epoch 4 : 0.6190232240105955
Test accuracy after epoch 4 : 0.5381174328109425
Loss after epoch 5 : 0.6596124691189352
Accuracy after epoch 5 : 0.6216329731063125
Test accuracy after epoch 5 : 0.4333644032978278
Loss after epoch 6 : 0.6603105169936269
Accuracy after epoch 6 : 0.6186504027963251
Test accuracy after epoch 6 : 0.5893755875784775
Loss after epoch 7 : 0.6593021141656258
Accuracy after epoch 7 : 0.6216795764525301
Test accuracy after epoch 7 : 0.5474370970641578
Loss after epoch 8 : 0.6580357823186591
Accuracy after epoch 8 : 0.6239165040437035
Test accuracy after epoch 8 : 0.5904939473175269
Loss after epoch 9 : 0.6587946468936621
Accuracy after epoch 9 : 0.6202814964226345
Test accuracy after epoch 9 : 0.5761416638386327
Train accuracy: 0.6202814964226345, test accuracy: 0.5761416638386327
fold: 1
Loss after epoch 0 : 0.6576954713156346
Accuracy after epoch 0 : 0.6394351921223541
Test accuracy after epoch 0 : 0.17204100980118736
Loss after epoch 1 : 0.6499409345664691
Accuracy after epoch 1 : 0.6443284723054598
Test accuracy after epoch 1 : 0.17204100980118736
Loss after epoch 2 : 0.6498434972189844
Accuracy after epoch 2 : 0.644328472449902
Test accuracy after epoch 2 : 0.17204100980118736
Loss after epoch 3 : 0.6497282137709488
Accuracy after epoch 3 : 0.644328473047115
Test accuracy after epoch 3 : 0.17204100980118736
Loss after epoch 4 : 0.6494595755036396
Accuracy after epoch 4 : 0.6443284724082359
Test accuracy after epoch 4 : 0.17204100980118736
Loss after epoch 5 : 0.6491403924309077
Accuracy after epoch 5 : 0.6443284729165615
Test accuracy after epoch 5 : 0.17204100980118736
Loss after epoch 6 : 0.6486284413383032
Accuracy after epoch 6 : 0.6443284723540701
Test accuracy after epoch 6 : 0.17204100980118736
Loss after epoch 7 : 0.6470525889364007
Accuracy after epoch 7 : 0.6443284723332371
Test accuracy after epoch 7 : 0.17204100980118736
Loss after epoch 8 : 0.6378763041950852
Accuracy after epoch 8 : 0.6463323869932641
Test accuracy after epoch 8 : 0.3625349548411836
Loss after epoch 9 : 0.6294330851072568
Accuracy after epoch 9 : 0.644281870492552
Test accuracy after epoch 9 : 0.34613234557954375
Train accuracy: 0.644281870492552, test accuracy: 0.34613234557954375
fold: 2
Loss after epoch 0 : 0.6895678392045151
Accuracy after epoch 0 : 0.5474415268182687
Test accuracy after epoch 0 : 0.3843429703248069
Loss after epoch 1 : 0.6755094759734876
Accuracy after epoch 1 : 0.5912480342503706
Test accuracy after epoch 1 : 0.3843429703248069
Loss after epoch 2 : 0.6749647242215748
Accuracy after epoch 2 : 0.5912480343656467
Test accuracy after epoch 2 : 0.3843429703248069
Loss after epoch 3 : 0.6735014276345216
Accuracy after epoch 3 : 0.591807266210663
Test accuracy after epoch 3 : 0.3955265681152575
Loss after epoch 4 : 0.6678290671981644
Accuracy after epoch 4 : 0.5974461890528615
Test accuracy after epoch 4 : 0.49860206086393394
Loss after epoch 5 : 0.6521024576421887
Accuracy after epoch 5 : 0.6132910954912241
Test accuracy after epoch 5 : 0.5509785760537775
Loss after epoch 6 : 0.6505534666475051
Accuracy after epoch 6 : 0.619768866526635
Test accuracy after epoch 6 : 0.5455731693040736
Loss after epoch 7 : 0.6480305681756531
Accuracy after epoch 7 : 0.632584600500441
Test accuracy after epoch 7 : 0.4577819277055888
Loss after epoch 8 : 0.6474265591922271
Accuracy after epoch 8 : 0.6378040989390934
Test accuracy after epoch 8 : 0.44007456476512846
Loss after epoch 9 : 0.6458495907570885
Accuracy after epoch 9 : 0.6424177634295485
Test accuracy after epoch 9 : 0.5334576049533162
Train accuracy: 0.6424177634295485, test accuracy: 0.5334576049533162
fold: 3
Loss after epoch 0 : 0.6886041219553736
Accuracy after epoch 0 : 0.5378629136557148
Test accuracy after epoch 0 : 0.5022371447326353
Loss after epoch 1 : 0.6692835730499217
Accuracy after epoch 1 : 0.5892632608895
Test accuracy after epoch 1 : 0.5645041115065282
Loss after epoch 2 : 0.6552868018128334
Accuracy after epoch 2 : 0.6198797866079202
Test accuracy after epoch 2 : 0.5598434089814257
Loss after epoch 3 : 0.6534954321794347
Accuracy after epoch 3 : 0.6193671817756542
Test accuracy after epoch 3 : 0.5699105238254438
Loss after epoch 4 : 0.6525744971347182
Accuracy after epoch 4 : 0.6199729877402862
Test accuracy after epoch 4 : 0.5693512399758002
Loss after epoch 5 : 0.6519950264187409
Accuracy after epoch 5 : 0.6251922430282837
Test accuracy after epoch 5 : 0.5732662285901022
Loss after epoch 6 : 0.6517336055790541
Accuracy after epoch 6 : 0.62547184618373
Test accuracy after epoch 6 : 0.5695376678701215
Loss after epoch 7 : 0.6511981355634054
Accuracy after epoch 7 : 0.6261242529145324
Test accuracy after epoch 7 : 0.57680836126575
Loss after epoch 8 : 0.6507227892378439
Accuracy after epoch 8 : 0.6282678758549753
Test accuracy after epoch 8 : 0.5749440810391033
Loss after epoch 9 : 0.6514612255164421
Accuracy after epoch 9 : 0.6274756669839845
Test accuracy after epoch 9 : 0.576435505193752
Train accuracy: 0.6274756669839845, test accuracy: 0.576435505193752
fold: 4
Loss after epoch 0 : 0.689626986033296
Accuracy after epoch 0 : 0.5415909533173692
Test accuracy after epoch 0 : 0.08426547500511143
Loss after epoch 1 : 0.6891392702192509
Accuracy after epoch 1 : 0.5415909535590209
Test accuracy after epoch 1 : 0.08426547500511143
Loss after epoch 2 : 0.6891323399003871
Accuracy after epoch 2 : 0.5415909537298437
Test accuracy after epoch 2 : 0.08426547500511143
Loss after epoch 3 : 0.6890584169268641
Accuracy after epoch 3 : 0.5415909539006664
Test accuracy after epoch 3 : 0.08426547500511143
Loss after epoch 4 : 0.6889828276060999
Accuracy after epoch 4 : 0.5415909535923521
Test accuracy after epoch 4 : 0.08426547500511143
Loss after epoch 5 : 0.6889904842784627
Accuracy after epoch 5 : 0.5415443531094973
Test accuracy after epoch 5 : 0.08426547500511143
Loss after epoch 6 : 0.6889113136300302
Accuracy after epoch 6 : 0.5415443530803324
Test accuracy after epoch 6 : 0.08426547500511143
Loss after epoch 7 : 0.6888654090387047
Accuracy after epoch 7 : 0.5417773552612877
Test accuracy after epoch 7 : 0.10607755594205537
Loss after epoch 8 : 0.6888056048008527
Accuracy after epoch 8 : 0.5421967599652922
Test accuracy after epoch 8 : 0.13888889162799123
Loss after epoch 9 : 0.6887739105267268
Accuracy after epoch 9 : 0.5409385469032137
Test accuracy after epoch 9 : 0.13012677356100721
Train accuracy: 0.5409385469032137, test accuracy: 0.13012677356100721
eps: 1.5 (rho_0, rho_1): (0.4198537114344653, 0.5)
SB acc:0.544107268877911
Viterbi Acc: 0.5796530847230992
fold: 0
Loss after epoch 0 : 0.6935295247151794
Accuracy after epoch 0 : 0.5217634567383096
Test accuracy after epoch 0 : 0.49282387062865557
Loss after epoch 1 : 0.6863355652260187
Accuracy after epoch 1 : 0.5486997984664306
Test accuracy after epoch 1 : 0.542218091203471
Loss after epoch 2 : 0.66452493452146
Accuracy after epoch 2 : 0.6006151702213692
Test accuracy after epoch 2 : 0.6779124009698102
Loss after epoch 3 : 0.6359508211532051
Accuracy after epoch 3 : 0.6563053580860532
Test accuracy after epoch 3 : 0.7299161284023207
Loss after epoch 4 : 0.6289450094657868
Accuracy after epoch 4 : 0.6642278112475964
Test accuracy after epoch 4 : 0.6389562039984128
Loss after epoch 5 : 0.6324049256969038
Accuracy after epoch 5 : 0.6579830543085917
Test accuracy after epoch 5 : 0.6134203232790084
Loss after epoch 6 : 0.6239154232691412
Accuracy after epoch 6 : 0.6673501904268102
Test accuracy after epoch 6 : 0.6747437151480477
Loss after epoch 7 : 0.6215315783593719
Accuracy after epoch 7 : 0.6668375607488628
Test accuracy after epoch 7 : 0.667474377377502
Loss after epoch 8 : 0.6230842872625094
Accuracy after epoch 8 : 0.6636685799053502
Test accuracy after epoch 8 : 0.6605778252145229
Loss after epoch 9 : 0.6188634290920478
Accuracy after epoch 9 : 0.6698667342703477
Test accuracy after epoch 9 : 0.6935694367498965
Train accuracy: 0.6698667342703477, test accuracy: 0.6935694367498965
fold: 1
Loss after epoch 0 : 0.6513355933640101
Accuracy after epoch 0 : 0.6443284732540563
Test accuracy after epoch 0 : 0.17204100980118736
Loss after epoch 1 : 0.6497922868394705
Accuracy after epoch 1 : 0.6443284726721208
Test accuracy after epoch 1 : 0.17204100980118736
Loss after epoch 2 : 0.6475285175861778
Accuracy after epoch 2 : 0.6443284728873953
Test accuracy after epoch 2 : 0.17204100980118736
Loss after epoch 3 : 0.6415065732504157
Accuracy after epoch 3 : 0.6443284725749
Test accuracy after epoch 3 : 0.17204100980118736
Loss after epoch 4 : 0.6191699984838818
Accuracy after epoch 4 : 0.6448411018347983
Test accuracy after epoch 4 : 0.19310345211433452
Loss after epoch 5 : 0.6148284587541505
Accuracy after epoch 5 : 0.649594574236161
Test accuracy after epoch 5 : 0.30736254093698107
Loss after epoch 6 : 0.6066022300673558
Accuracy after epoch 6 : 0.6639481954521697
Test accuracy after epoch 6 : 0.4674743796494778
Loss after epoch 7 : 0.6075954143648411
Accuracy after epoch 7 : 0.6595209422993942
Test accuracy after epoch 7 : 0.4221808089181184
Loss after epoch 8 : 0.6076736962342015
Accuracy after epoch 8 : 0.6602665851751504
Test accuracy after epoch 8 : 0.48462256217602806
Loss after epoch 9 : 0.6079755661238962
Accuracy after epoch 9 : 0.664973454130297
Test accuracy after epoch 9 : 0.5431500549307519
Train accuracy: 0.664973454130297, test accuracy: 0.5431500549307519
fold: 2
Loss after epoch 0 : 0.6690734883727126
Accuracy after epoch 0 : 0.5955354796797356
Test accuracy after epoch 0 : 0.5274930195506221
Loss after epoch 1 : 0.633800072471023
Accuracy after epoch 1 : 0.6504334218266048
Test accuracy after epoch 1 : 0.6691519199024264
Loss after epoch 2 : 0.6260708838009721
Accuracy after epoch 2 : 0.6490819449970957
Test accuracy after epoch 2 : 0.5765144545567558
Loss after epoch 3 : 0.6211424954183481
Accuracy after epoch 3 : 0.6579364512443142
Test accuracy after epoch 3 : 0.6499534113264929
Loss after epoch 4 : 0.6144603430591618
Accuracy after epoch 4 : 0.6644608250078967
Test accuracy after epoch 4 : 0.6152842591493238
Loss after epoch 5 : 0.6096068340613251
Accuracy after epoch 5 : 0.6706123772349915
Test accuracy after epoch 5 : 0.6318732619896629
Loss after epoch 6 : 0.6032669013951922
Accuracy after epoch 6 : 0.6781620093128179
Test accuracy after epoch 6 : 0.6382106335831933
Loss after epoch 7 : 0.5997139136152024
Accuracy after epoch 7 : 0.6801193210780093
Test accuracy after epoch 7 : 0.6663560200548572
Loss after epoch 8 : 0.5964245794953865
Accuracy after epoch 8 : 0.6858514495057155
Test accuracy after epoch 8 : 0.6465983314094206
Loss after epoch 9 : 0.5949829284258985
Accuracy after epoch 9 : 0.6865970920384213
Test accuracy after epoch 9 : 0.6259086764869797
Train accuracy: 0.6865970920384213, test accuracy: 0.6259086764869797
fold: 3
Loss after epoch 0 : 0.6650699091617509
Accuracy after epoch 0 : 0.5943427152830655
Test accuracy after epoch 0 : 0.5723340885351168
Loss after epoch 1 : 0.6060220982930432
Accuracy after epoch 1 : 0.682371051719301
Test accuracy after epoch 1 : 0.5736390843787449
Loss after epoch 2 : 0.5962732187155941
Accuracy after epoch 2 : 0.6898737316296248
Test accuracy after epoch 2 : 0.5900447524467304
Loss after epoch 3 : 0.5933382030319228
Accuracy after epoch 3 : 0.6933687687728449
Test accuracy after epoch 3 : 0.5913497490570849
Loss after epoch 4 : 0.5895319879679897
Accuracy after epoch 4 : 0.6987278251802607
Test accuracy after epoch 4 : 0.592468316873048
Loss after epoch 5 : 0.5857672659143376
Accuracy after epoch 5 : 0.702269463422964
Test accuracy after epoch 5 : 0.5988068703803707
Loss after epoch 6 : 0.5835599087664026
Accuracy after epoch 6 : 0.700591845594385
Test accuracy after epoch 6 : 0.5879940435090321
Loss after epoch 7 : 0.5815567969234422
Accuracy after epoch 7 : 0.7029218696621303
Test accuracy after epoch 7 : 0.5932140286836848
Loss after epoch 8 : 0.5810819379787455
Accuracy after epoch 8 : 0.7018966591809823
Test accuracy after epoch 8 : 0.5723340885184488
Loss after epoch 9 : 0.5802417287937849
Accuracy after epoch 9 : 0.702688867714494
Test accuracy after epoch 9 : 0.5935868846390071
Train accuracy: 0.702688867714494, test accuracy: 0.5935868846390071
fold: 4
Loss after epoch 0 : 0.6897007433568961
Accuracy after epoch 0 : 0.5415909534465279
Test accuracy after epoch 0 : 0.08426547500511143
Loss after epoch 1 : 0.6549327692856894
Accuracy after epoch 1 : 0.626450456669493
Test accuracy after epoch 1 : 0.6071961272582912
Loss after epoch 2 : 0.6226048504119817
Accuracy after epoch 2 : 0.6748217710928035
Test accuracy after epoch 2 : 0.5848247635884573
Loss after epoch 3 : 0.6181256765922022
Accuracy after epoch 3 : 0.6764527884468605
Test accuracy after epoch 3 : 0.6403803188328775
Loss after epoch 4 : 0.6163468745323343
Accuracy after epoch 4 : 0.6781304065462561
Test accuracy after epoch 4 : 0.6247203637256185
Loss after epoch 5 : 0.615150660684664
Accuracy after epoch 5 : 0.6799944264229137
Test accuracy after epoch 5 : 0.6355331898135627
Loss after epoch 6 : 0.6157958150109932
Accuracy after epoch 6 : 0.6795750217147428
Test accuracy after epoch 6 : 0.5779269260981472
Loss after epoch 7 : 0.6147169254997239
Accuracy after epoch 7 : 0.6781304066337507
Test accuracy after epoch 7 : 0.5995525784240473
Loss after epoch 8 : 0.6145950957720328
Accuracy after epoch 8 : 0.6774779995904675
Test accuracy after epoch 8 : 0.7188665231802319
Loss after epoch 9 : 0.6131427035273072
Accuracy after epoch 9 : 0.6797148233716278
Test accuracy after epoch 9 : 0.6204325190059824
Train accuracy: 0.6797148233716278, test accuracy: 0.6204325190059824
eps: 2.0 (rho_0, rho_1): (0.45825907501371405, 0.4135090733014453)
SB acc:0.561230174943357
Viterbi Acc: 0.7122906065445901
fold: 0
Loss after epoch 0 : 0.6930826051061234
Accuracy after epoch 0 : 0.499067957732215
Test accuracy after epoch 0 : 0.5237651560146567
Loss after epoch 1 : 0.6909716668527554
Accuracy after epoch 1 : 0.531270401110486
Test accuracy after epoch 1 : 0.47325257386210245
Loss after epoch 2 : 0.6884056885281787
Accuracy after epoch 2 : 0.5399850995912391
Test accuracy after epoch 2 : 0.5571295563072549
Loss after epoch 3 : 0.6476247997916474
Accuracy after epoch 3 : 0.6412992991895242
Test accuracy after epoch 3 : 0.7054986084218572
Loss after epoch 4 : 0.5927598437501093
Accuracy after epoch 4 : 0.7043527082735144
Test accuracy after epoch 4 : 0.7554520099882978
Loss after epoch 5 : 0.5822330616874871
Accuracy after epoch 5 : 0.7099916308490503
Test accuracy after epoch 5 : 0.7235787567088011
Loss after epoch 6 : 0.5803876602603032
Accuracy after epoch 6 : 0.710830478850599
Test accuracy after epoch 6 : 0.7427772659846588
Loss after epoch 7 : 0.5749223685969446
Accuracy after epoch 7 : 0.7153043348190447
Test accuracy after epoch 7 : 0.7660764268260077
Loss after epoch 8 : 0.5762136130108658
Accuracy after epoch 8 : 0.7099916308990495
Test accuracy after epoch 8 : 0.7554520099216383
Loss after epoch 9 : 0.5721264457216069
Accuracy after epoch 9 : 0.7137198438917405
Test accuracy after epoch 9 : 0.7539608635084716
Train accuracy: 0.7137198438917405, test accuracy: 0.7539608635084716
fold: 1
Loss after epoch 0 : 0.6543446076559494
Accuracy after epoch 0 : 0.644328472397125
Test accuracy after epoch 0 : 0.17204100980118736
Loss after epoch 1 : 0.6511700183927996
Accuracy after epoch 1 : 0.6443284725804556
Test accuracy after epoch 1 : 0.17204100980118736
Loss after epoch 2 : 0.6506699738820438
Accuracy after epoch 2 : 0.6443284726290659
Test accuracy after epoch 2 : 0.17204100980118736
Loss after epoch 3 : 0.6502785718587647
Accuracy after epoch 3 : 0.6443284725637891
Test accuracy after epoch 3 : 0.17204100980118736
Loss after epoch 4 : 0.6495376829498468
Accuracy after epoch 4 : 0.6443284725151788
Test accuracy after epoch 4 : 0.17204100980118736
Loss after epoch 5 : 0.6356306248931602
Accuracy after epoch 5 : 0.6443750752266838
Test accuracy after epoch 5 : 0.18303821416292254
Loss after epoch 6 : 0.5903550895076242
Accuracy after epoch 6 : 0.6717774438156932
Test accuracy after epoch 6 : 0.4253494963063776
Loss after epoch 7 : 0.5921063772669577
Accuracy after epoch 7 : 0.7017895615740295
Test accuracy after epoch 7 : 0.5979496822274964
Loss after epoch 8 : 0.569560261096973
Accuracy after epoch 8 : 0.7184267138274276
Test accuracy after epoch 8 : 0.5507921788921338
Loss after epoch 9 : 0.5630202516850926
Accuracy after epoch 9 : 0.7168888257602375
Test accuracy after epoch 9 : 0.5923578830656334
Train accuracy: 0.7168888257602375, test accuracy: 0.5923578830656334
fold: 2
Loss after epoch 0 : 0.6760231716058959
Accuracy after epoch 0 : 0.5912480342184268
Test accuracy after epoch 0 : 0.3843429703248069
Loss after epoch 1 : 0.6711767766690301
Accuracy after epoch 1 : 0.5912480342406486
Test accuracy after epoch 1 : 0.3843429703248069
Loss after epoch 2 : 0.6427952569724795
Accuracy after epoch 2 : 0.6294156186999985
Test accuracy after epoch 2 : 0.7239515476157925
Loss after epoch 3 : 0.5957242630449193
Accuracy after epoch 3 : 0.6881815826532303
Test accuracy after epoch 3 : 0.7228331876323252
Loss after epoch 4 : 0.5966130448497472
Accuracy after epoch 4 : 0.6981079507761848
Test accuracy after epoch 4 : 0.6659832345861646
Loss after epoch 5 : 0.5960513786427095
Accuracy after epoch 5 : 0.70584399351809
Test accuracy after epoch 5 : 0.7118359835872223
Loss after epoch 6 : 0.5911141246565568
Accuracy after epoch 6 : 0.6958244201873998
Test accuracy after epoch 6 : 0.7161230290758198
Loss after epoch 7 : 0.5894039183488464
Accuracy after epoch 7 : 0.6947059561654276
Test accuracy after epoch 7 : 0.7040074654138766
Loss after epoch 8 : 0.5848993547958538
Accuracy after epoch 8 : 0.7034672574257403
Test accuracy after epoch 8 : 0.7194781080818798
Loss after epoch 9 : 0.5759533304207679
Accuracy after epoch 9 : 0.7117625321126604
Test accuracy after epoch 9 : 0.6913327215602213
Train accuracy: 0.7117625321126604, test accuracy: 0.6913327215602213
fold: 3
Loss after epoch 0 : 0.6428937066574486
Accuracy after epoch 0 : 0.6464420692388718
Test accuracy after epoch 0 : 0.6262117915638875
Loss after epoch 1 : 0.5668527482773693
Accuracy after epoch 1 : 0.7424390898431812
Test accuracy after epoch 1 : 0.6269575033745243
Loss after epoch 2 : 0.5467340530573005
Accuracy after epoch 2 : 0.7447225147821546
Test accuracy after epoch 2 : 0.6262117915972234
Loss after epoch 3 : 0.5388374648757044
Accuracy after epoch 3 : 0.7454215213541849
Test accuracy after epoch 3 : 0.627330359596534
Loss after epoch 4 : 0.5325218170489684
Accuracy after epoch 4 : 0.7487301569826267
Test accuracy after epoch 4 : 0.6338553408314984
Loss after epoch 5 : 0.526285331105766
Accuracy after epoch 5 : 0.7552076256285176
Test accuracy after epoch 5 : 0.6377703301291872
Loss after epoch 6 : 0.5227787687203922
Accuracy after epoch 6 : 0.7550212244095543
Test accuracy after epoch 6 : 0.6472781602734954
Loss after epoch 7 : 0.5186094559868655
Accuracy after epoch 7 : 0.7584230602037552
Test accuracy after epoch 7 : 0.6390753261894988
Loss after epoch 8 : 0.5155624275704752
Accuracy after epoch 8 : 0.7587958638416076
Test accuracy after epoch 8 : 0.6413124626048192
Loss after epoch 9 : 0.5122604876848317
Accuracy after epoch 9 : 0.7601938785689036
Test accuracy after epoch 9 : 0.6497017244664615
Train accuracy: 0.7601938785689036, test accuracy: 0.6497017244664615
fold: 4
Loss after epoch 0 : 0.688842675673885
Accuracy after epoch 0 : 0.5419637572385374
Test accuracy after epoch 0 : 0.1310589137993403
Loss after epoch 1 : 0.6625632418245119
Accuracy after epoch 1 : 0.6045016227536113
Test accuracy after epoch 1 : 0.8286726381588035
Loss after epoch 2 : 0.6185416141751428
Accuracy after epoch 2 : 0.6714665353481509
Test accuracy after epoch 2 : 0.7781506397280117
Loss after epoch 3 : 0.6087764297029576
Accuracy after epoch 3 : 0.6847476773823322
Test accuracy after epoch 3 : 0.7757270750016707
Loss after epoch 4 : 0.6039493904371718
Accuracy after epoch 4 : 0.6934619697135561
Test accuracy after epoch 4 : 0.7192393798189408
Loss after epoch 5 : 0.5962581505464181
Accuracy after epoch 5 : 0.699426832760562
Test accuracy after epoch 5 : 0.5973154423087502
Loss after epoch 6 : 0.5871775488814129
Accuracy after epoch 6 : 0.7061373044790196
Test accuracy after epoch 6 : 0.7106636898796297
Loss after epoch 7 : 0.5697299359704251
Accuracy after epoch 7 : 0.7155972048817324
Test accuracy after epoch 7 : 0.7770320717620369
Loss after epoch 8 : 0.5590366808593956
Accuracy after epoch 8 : 0.7201174531060633
Test accuracy after epoch 8 : 0.7809470604596789
Loss after epoch 9 : 0.5564274386900379
Accuracy after epoch 9 : 0.7207232589832007
Test accuracy after epoch 9 : 0.7990305798932477
Train accuracy: 0.7207232589832007, test accuracy: 0.7990305798932477
eps: 2.5 (rho_0, rho_1): (0.43972049636091237, 0.38686973461387664)
SB acc:0.5829588084537385
Viterbi Acc: 0.7543364409612598
fold: 0
Loss after epoch 0 : 0.6533170708704834
Accuracy after epoch 0 : 0.6150153942238819
Test accuracy after epoch 0 : 0.8383970226401607
Loss after epoch 1 : 0.5686925069926536
Accuracy after epoch 1 : 0.735762906190911
Test accuracy after epoch 1 : 0.8298229311852398
Loss after epoch 2 : 0.5585679698663615
Accuracy after epoch 2 : 0.7387454762661798
Test accuracy after epoch 2 : 0.8273998186283876
Loss after epoch 3 : 0.5539105553674671
Accuracy after epoch 3 : 0.7406095832139074
Test accuracy after epoch 3 : 0.8296365379731675
Loss after epoch 4 : 0.5481680531532763
Accuracy after epoch 4 : 0.7430795243209402
Test accuracy after epoch 4 : 0.8272134251330128
Loss after epoch 5 : 0.5429748973601152
Accuracy after epoch 5 : 0.7456892734847116
Test accuracy after epoch 5 : 0.8290773581869672
Loss after epoch 6 : 0.5381506263401576
Accuracy after epoch 6 : 0.7467145325128336
Test accuracy after epoch 6 : 0.8285181781674587
Loss after epoch 7 : 0.5314932917753744
Accuracy after epoch 7 : 0.7490912685871279
Test accuracy after epoch 7 : 0.8285181780341399
Loss after epoch 8 : 0.527750240984095
Accuracy after epoch 8 : 0.7503029374904518
Test accuracy after epoch 8 : 0.8296365377565244
Loss after epoch 9 : 0.5240463341268908
Accuracy after epoch 9 : 0.7498369112434431
Test accuracy after epoch 9 : 0.8300093243306526
Train accuracy: 0.7498369112434431, test accuracy: 0.8300093243306526
fold: 1
Loss after epoch 0 : 0.6466085081631023
Accuracy after epoch 0 : 0.6443284726971203
Test accuracy after epoch 0 : 0.17204100980118736
Loss after epoch 1 : 0.6025147381977293
Accuracy after epoch 1 : 0.6452139234240629
Test accuracy after epoch 1 : 0.24212488880361893
Loss after epoch 2 : 0.5847747093860683
Accuracy after epoch 2 : 0.6721036623642911
Test accuracy after epoch 2 : 0.8041006591035624
Loss after epoch 3 : 0.5746227691784763
Accuracy after epoch 3 : 0.7146518971871347
Test accuracy after epoch 3 : 0.7863932952076502
Loss after epoch 4 : 0.5746654071453267
Accuracy after epoch 4 : 0.7145120896067776
Test accuracy after epoch 4 : 0.817334581210251
Loss after epoch 5 : 0.5590322416130977
Accuracy after epoch 5 : 0.7377202177672164
Test accuracy after epoch 5 : 0.827958998414588
Loss after epoch 6 : 0.5571545167470199
Accuracy after epoch 6 : 0.7360425216141213
Test accuracy after epoch 6 : 0.8031686910600832
Loss after epoch 7 : 0.5565688500182403
Accuracy after epoch 7 : 0.7341318124284926
Test accuracy after epoch 7 : 0.7455731643990502
Loss after epoch 8 : 0.5580653650678334
Accuracy after epoch 8 : 0.7379998337265296
Test accuracy after epoch 8 : 0.7899347673369032
Loss after epoch 9 : 0.5543798729839824
Accuracy after epoch 9 : 0.7384192578884127
Test accuracy after epoch 9 : 0.7409133320641318
Train accuracy: 0.7384192578884127, test accuracy: 0.7409133320641318
fold: 2
Loss after epoch 0 : 0.6652833997436766
Accuracy after epoch 0 : 0.5946966318087404
Test accuracy after epoch 0 : 0.5491146417832886
Loss after epoch 1 : 0.5703315017674601
Accuracy after epoch 1 : 0.7313822547121566
Test accuracy after epoch 1 : 0.6749301117930808
Loss after epoch 2 : 0.5698613235953469
Accuracy after epoch 2 : 0.7110634919567426
Test accuracy after epoch 2 : 0.666169627542709
Loss after epoch 3 : 0.5508436038444453
Accuracy after epoch 3 : 0.7376270125858692
Test accuracy after epoch 3 : 0.6782851908602452
Loss after epoch 4 : 0.541337966710654
Accuracy after epoch 4 : 0.7518874282830359
Test accuracy after epoch 4 : 0.6687791334449523
Loss after epoch 5 : 0.5458058053999931
Accuracy after epoch 5 : 0.7420076630868608
Test accuracy after epoch 5 : 0.6723206061741401
Loss after epoch 6 : 0.5446254861673097
Accuracy after epoch 6 : 0.7417280473247669
Test accuracy after epoch 6 : 0.6764212583062367
Loss after epoch 7 : 0.5374955804172361
Accuracy after epoch 7 : 0.751048580566205
Test accuracy after epoch 7 : 0.6743709321901938
Loss after epoch 8 : 0.5371795930624474
Accuracy after epoch 8 : 0.761068153806619
Test accuracy after epoch 8 : 0.6225535969198694
Loss after epoch 9 : 0.5380714279348237
Accuracy after epoch 9 : 0.7562214765433486
Test accuracy after epoch 9 : 0.6495806241024351
Train accuracy: 0.7562214765433486, test accuracy: 0.6495806241024351
fold: 3
Loss after epoch 0 : 0.6101824230643867
Accuracy after epoch 0 : 0.6857728871135267
Test accuracy after epoch 0 : 0.6360924781635571
Loss after epoch 1 : 0.5192331426680871
Accuracy after epoch 1 : 0.7791136794284925
Test accuracy after epoch 1 : 0.6336689134372161
Loss after epoch 2 : 0.5038572016052604
Accuracy after epoch 2 : 0.7827951182156497
Test accuracy after epoch 2 : 0.6297539238895079
Loss after epoch 3 : 0.49961031286000607
Accuracy after epoch 3 : 0.7856377488322214
Test accuracy after epoch 3 : 0.635719621624856
Loss after epoch 4 : 0.4984468118268616
Accuracy after epoch 4 : 0.783540725974658
Test accuracy after epoch 4 : 0.6344146255312083
Loss after epoch 5 : 0.49545989682346475
Accuracy after epoch 5 : 0.7851251433666613
Test accuracy after epoch 5 : 0.636278905757855
Loss after epoch 6 : 0.4933611672951717
Accuracy after epoch 6 : 0.7867095598795523
Test accuracy after epoch 6 : 0.6398210386501862
Loss after epoch 7 : 0.4883027609113811
Accuracy after epoch 7 : 0.7894589892387657
Test accuracy after epoch 7 : 0.6418717471211816
Loss after epoch 8 : 0.4854615210886937
Accuracy after epoch 8 : 0.7901113955779258
Test accuracy after epoch 8 : 0.6485831568005102
Loss after epoch 9 : 0.4814278208154655
Accuracy after epoch 9 : 0.7933268295990309
Test accuracy after epoch 9 : 0.6485831565504906
Train accuracy: 0.7933268295990309, test accuracy: 0.6485831565504906
fold: 4
Loss after epoch 0 : 0.6875625613400947
Accuracy after epoch 0 : 0.5443403831890509
Test accuracy after epoch 0 : 0.258202839734437
Loss after epoch 1 : 0.6019530210676292
Accuracy after epoch 1 : 0.7056712992046656
Test accuracy after epoch 1 : 0.7980984403383011
Loss after epoch 2 : 0.5782805996998283
Accuracy after epoch 2 : 0.7230066841429936
Test accuracy after epoch 2 : 0.8066741300942647
Loss after epoch 3 : 0.5827729549859868
Accuracy after epoch 3 : 0.7080945250672359
Test accuracy after epoch 3 : 0.8840417657922578
Loss after epoch 4 : 0.5727930235311176
Accuracy after epoch 4 : 0.7256163115203422
Test accuracy after epoch 4 : 0.8525354278167622
Loss after epoch 5 : 0.5725253583883686
Accuracy after epoch 5 : 0.7302763608724241
Test accuracy after epoch 5 : 0.7076808409702858
Loss after epoch 6 : 0.581973740920062
Accuracy after epoch 6 : 0.7203970556615467
Test accuracy after epoch 6 : 0.5844519075331271
Loss after epoch 7 : 0.5834865834764972
Accuracy after epoch 7 : 0.7168088178525983
Test accuracy after epoch 7 : 0.8562639881700478
Loss after epoch 8 : 0.569448983266029
Accuracy after epoch 8 : 0.7313481718447598
Test accuracy after epoch 8 : 0.8141312515008903
Loss after epoch 9 : 0.5700413608287745
Accuracy after epoch 9 : 0.7321869804986487
Test accuracy after epoch 9 : 0.7494407221841599
Train accuracy: 0.7321869804986487, test accuracy: 0.7494407221841599
eps: 3.0 (rho_0, rho_1): (0.41566849347818463, 0.3566659598008767)
SB acc:0.6116703190580545
Viterbi Acc: 0.7895851131003231
fold: 0
Loss after epoch 0 : 0.6390351823564678
Accuracy after epoch 0 : 0.6244757359373302
Test accuracy after epoch 0 : 0.8335507976264456
Loss after epoch 1 : 0.5305761279325296
Accuracy after epoch 1 : 0.7702954815250483
Test accuracy after epoch 1 : 0.8356011234091912
Loss after epoch 2 : 0.5194726008208463
Accuracy after epoch 2 : 0.7747693375837704
Test accuracy after epoch 2 : 0.8424976751222193
Loss after epoch 3 : 0.5147136876186179
Accuracy after epoch 3 : 0.7777053049211455
Test accuracy after epoch 3 : 0.8505125864909724
Loss after epoch 4 : 0.504639737172636
Accuracy after epoch 4 : 0.7835772413847575
Test accuracy after epoch 4 : 0.8518173395754128
Loss after epoch 5 : 0.5010124065371442
Accuracy after epoch 5 : 0.7826917906342042
Test accuracy after epoch 5 : 0.8415657082452801
Loss after epoch 6 : 0.4970049635346522
Accuracy after epoch 6 : 0.7842762812517909
Test accuracy after epoch 6 : 0.8426840679676646
Loss after epoch 7 : 0.4937041351289965
Accuracy after epoch 7 : 0.7875850704089828
Test accuracy after epoch 7 : 0.8547996317351519
Loss after epoch 8 : 0.49106428594538576
Accuracy after epoch 8 : 0.7883307136875106
Test accuracy after epoch 8 : 0.8475302933980012
Loss after epoch 9 : 0.4854269362017533
Accuracy after epoch 9 : 0.7921055296222588
Test accuracy after epoch 9 : 0.8592730710579765
Train accuracy: 0.7921055296222588, test accuracy: 0.8592730710579765
fold: 1
Loss after epoch 0 : 0.6298107096760307
Accuracy after epoch 0 : 0.6542548409409065
Test accuracy after epoch 0 : 0.7826654308828814
Loss after epoch 1 : 0.5054161882505491
Accuracy after epoch 1 : 0.7838568576065666
Test accuracy after epoch 1 : 0.8533084856052878
Loss after epoch 2 : 0.49253710121257965
Accuracy after epoch 2 : 0.7836704462008326
Test accuracy after epoch 2 : 0.8443616079928602
Loss after epoch 3 : 0.49339723160038923
Accuracy after epoch 3 : 0.7774256890604421
Test accuracy after epoch 3 : 0.857409137904033
Loss after epoch 4 : 0.4864748135638164
Accuracy after epoch 4 : 0.7825053801409562
Test accuracy after epoch 4 : 0.8544268454609912
Loss after epoch 5 : 0.48423493743309404
Accuracy after epoch 5 : 0.7857209636473635
Test accuracy after epoch 5 : 0.8583411043476858
Loss after epoch 6 : 0.4833776491241379
Accuracy after epoch 6 : 0.7825985853431364
Test accuracy after epoch 6 : 0.8529356988645111
Loss after epoch 7 : 0.4808207586374335
Accuracy after epoch 7 : 0.7895423824297259
Test accuracy after epoch 7 : 0.8583411043810155
Loss after epoch 8 : 0.47902680246739004
Accuracy after epoch 8 : 0.7898686013574846
Test accuracy after epoch 8 : 0.853681272429389
Loss after epoch 9 : 0.478179733303545
Accuracy after epoch 9 : 0.7897753960664169
Test accuracy after epoch 9 : 0.858341104331021
Train accuracy: 0.7897753960664169, test accuracy: 0.858341104331021
fold: 2
Loss after epoch 0 : 0.5701593092559668
Accuracy after epoch 0 : 0.7146984993167043
Test accuracy after epoch 0 : 0.6941286211855925
Loss after epoch 1 : 0.47762016267175944
Accuracy after epoch 1 : 0.8082300510338384
Test accuracy after epoch 1 : 0.7410997299590293
Loss after epoch 2 : 0.461740569600787
Accuracy after epoch 2 : 0.8091155018705014
Test accuracy after epoch 2 : 0.7588070925217528
Loss after epoch 3 : 0.4532537917130847
Accuracy after epoch 3 : 0.8139155761764372
Test accuracy after epoch 3 : 0.7515377536846563
Loss after epoch 4 : 0.44798520864355923
Accuracy after epoch 4 : 0.8171777631415604
Test accuracy after epoch 4 : 0.7619757783935099
Loss after epoch 5 : 0.43854376630165537
Accuracy after epoch 5 : 0.82379534187816
Test accuracy after epoch 5 : 0.7699906897789279
Loss after epoch 6 : 0.42716847990007084
Accuracy after epoch 6 : 0.8278031704135038
Test accuracy after epoch 6 : 0.7612302052785832
Loss after epoch 7 : 0.42221173829653424
Accuracy after epoch 7 : 0.8285488131198182
Test accuracy after epoch 7 : 0.7412861232044312
Loss after epoch 8 : 0.41929686054908133
Accuracy after epoch 8 : 0.8277099648238295
Test accuracy after epoch 8 : 0.7617893851314431
Loss after epoch 9 : 0.4173910286103609
Accuracy after epoch 9 : 0.8271507331538105
Test accuracy after epoch 9 : 0.7604846321303269
Train accuracy: 0.8271507331538105, test accuracy: 0.7604846321303269
fold: 3
Loss after epoch 0 : 0.6423888525750873
Accuracy after epoch 0 : 0.6203457911323205
Test accuracy after epoch 0 : 0.6838180560626973
Loss after epoch 1 : 0.45266880219563244
Accuracy after epoch 1 : 0.8271121874599545
Test accuracy after epoch 1 : 0.6998508672086184
Loss after epoch 2 : 0.4358148674309037
Accuracy after epoch 2 : 0.8322382413989328
Test accuracy after epoch 2 : 0.6916480334079772
Loss after epoch 3 : 0.43381649341985173
Accuracy after epoch 3 : 0.8339158590108585
Test accuracy after epoch 3 : 0.7084265567979023
Loss after epoch 4 : 0.4306116021850904
Accuracy after epoch 4 : 0.8350342716243107
Test accuracy after epoch 4 : 0.7061894208492848
Loss after epoch 5 : 0.4266160264598747
Accuracy after epoch 5 : 0.8381099038218746
Test accuracy after epoch 5 : 0.7087994133199355
Loss after epoch 6 : 0.42479000645066095
Accuracy after epoch 6 : 0.8372244943768166
Test accuracy after epoch 6 : 0.7115958339515949
Loss after epoch 7 : 0.42215113047076097
Accuracy after epoch 7 : 0.8391817149275352
Test accuracy after epoch 7 : 0.6989187268369417
Loss after epoch 8 : 0.41918114903321774
Accuracy after epoch 8 : 0.8391817156649896
Test accuracy after epoch 8 : 0.7114094057405822
Loss after epoch 9 : 0.4159196147167686
Accuracy after epoch 9 : 0.8423039483620739
Test accuracy after epoch 9 : 0.690156609103317
Train accuracy: 0.8423039483620739, test accuracy: 0.690156609103317
fold: 4
Loss after epoch 0 : 0.683950208287883
Accuracy after epoch 0 : 0.5587865363821589
Test accuracy after epoch 0 : 0.3819910598547933
Loss after epoch 1 : 0.5672300702821685
Accuracy after epoch 1 : 0.7404352683096387
Test accuracy after epoch 1 : 0.819537664236505
Loss after epoch 2 : 0.5290401204024943
Accuracy after epoch 2 : 0.7682091634323193
Test accuracy after epoch 2 : 0.8003355763035866
Loss after epoch 3 : 0.5168374118639631
Accuracy after epoch 3 : 0.7777156646595323
Test accuracy after epoch 3 : 0.8104026899975152
Loss after epoch 4 : 0.5137322925599821
Accuracy after epoch 4 : 0.7782748703579627
Test accuracy after epoch 4 : 0.8447054490880411
Loss after epoch 5 : 0.5110728390804375
Accuracy after epoch 5 : 0.7808378975399387
Test accuracy after epoch 5 : 0.7326621981108482
Loss after epoch 6 : 0.5072337650772843
Accuracy after epoch 6 : 0.782096110835336
Test accuracy after epoch 6 : 0.820469803574768
Loss after epoch 7 : 0.5026866585966059
Accuracy after epoch 7 : 0.7856843488817696
Test accuracy after epoch 7 : 0.8327740544174075
Loss after epoch 8 : 0.4993730350841448
Accuracy after epoch 8 : 0.7873153662024953
Test accuracy after epoch 8 : 0.8413497443233827
Loss after epoch 9 : 0.4986351085527336
Accuracy after epoch 9 : 0.7861969550264544
Test accuracy after epoch 9 : 0.8441461648216984
Train accuracy: 0.7861969550264544, test accuracy: 0.8441461648216984
eps: 3.5 (rho_0, rho_1): (0.38507017414810385, 0.32224570964803295)
SB acc:0.6417932622664636
Viterbi Acc: 0.8338966682761951
fold: 0
Loss after epoch 0 : 0.622372705359215
Accuracy after epoch 0 : 0.6881815816018575
Test accuracy after epoch 0 : 0.8656104430014689
Loss after epoch 1 : 0.5107851924220044
Accuracy after epoch 1 : 0.7907540518816525
Test accuracy after epoch 1 : 0.8756756802696217
Loss after epoch 2 : 0.49308211135820934
Accuracy after epoch 2 : 0.7947152787026982
Test accuracy after epoch 2 : 0.8726933878932395
Loss after epoch 3 : 0.4908579260252493
Accuracy after epoch 3 : 0.7951813049149853
Test accuracy after epoch 3 : 0.871761421516246
Loss after epoch 4 : 0.48487990046050716
Accuracy after epoch 4 : 0.7974182326506009
Test accuracy after epoch 4 : 0.8745573207805453
Loss after epoch 5 : 0.4783780022160048
Accuracy after epoch 5 : 0.8012396515996273
Test accuracy after epoch 5 : 0.8760484668937445
Loss after epoch 6 : 0.46664236119781954
Accuracy after epoch 6 : 0.8064591504521623
Test accuracy after epoch 6 : 0.8771668270327505
Loss after epoch 7 : 0.4519949706658192
Accuracy after epoch 7 : 0.8074378057812942
Test accuracy after epoch 7 : 0.877353220094839
Loss after epoch 8 : 0.44447897926393687
Accuracy after epoch 8 : 0.8111194168208018
Test accuracy after epoch 8 : 0.8833178054308736
Loss after epoch 9 : 0.44209746514656106
Accuracy after epoch 9 : 0.8092087071629581
Test accuracy after epoch 9 : 0.8823858388539019
Train accuracy: 0.8092087071629581, test accuracy: 0.8823858388539019
fold: 1
Loss after epoch 0 : 0.6204170898781964
Accuracy after epoch 0 : 0.6529965681816505
Test accuracy after epoch 0 : 0.8160298307421934
Loss after epoch 1 : 0.5069727153919048
Accuracy after epoch 1 : 0.7795228095865281
Test accuracy after epoch 1 : 0.8531220925598643
Loss after epoch 2 : 0.49600034468511245
Accuracy after epoch 2 : 0.7854413480449894
Test accuracy after epoch 2 : 0.855731598395448
Loss after epoch 3 : 0.4824500259179658
Accuracy after epoch 3 : 0.7972784250521884
Test accuracy after epoch 3 : 0.8605778238591143
Loss after epoch 4 : 0.46703135394453504
Accuracy after epoch 4 : 0.8069717794606754
Test accuracy after epoch 4 : 0.8648648696199046
Loss after epoch 5 : 0.45502264426512395
Accuracy after epoch 5 : 0.813402947198479
Test accuracy after epoch 5 : 0.8661696226876802
Loss after epoch 6 : 0.4496312593577259
Accuracy after epoch 6 : 0.8150806428751927
Test accuracy after epoch 6 : 0.8693383084927778
Loss after epoch 7 : 0.4465655616672305
Accuracy after epoch 7 : 0.818109816538342
Test accuracy after epoch 7 : 0.8728797808386739
Loss after epoch 8 : 0.44265791851488745
Accuracy after epoch 8 : 0.8208127705334661
Test accuracy after epoch 8 : 0.8676607687842146
Loss after epoch 9 : 0.4394517538619668
Accuracy after epoch 9 : 0.8235623287234061
Test accuracy after epoch 9 : 0.8672879817768001
Train accuracy: 0.8235623287234061, test accuracy: 0.8672879817768001
fold: 2
Loss after epoch 0 : 0.607994954180111
Accuracy after epoch 0 : 0.6794202800637712
Test accuracy after epoch 0 : 0.7172413905146848
Loss after epoch 1 : 0.47545203001665143
Accuracy after epoch 1 : 0.8263118855953105
Test accuracy after epoch 1 : 0.7513513611558432
Loss after epoch 2 : 0.4501580067909994
Accuracy after epoch 2 : 0.8253332287967566
Test accuracy after epoch 2 : 0.7526561139903108
Loss after epoch 3 : 0.435138927038935
Accuracy after epoch 3 : 0.8353061995548285
Test accuracy after epoch 3 : 0.7273066262163409
Loss after epoch 4 : 0.4379675338471239
Accuracy after epoch 4 : 0.8321372185279854
Test accuracy after epoch 4 : 0.6963653399471024
Loss after epoch 5 : 0.42760177417394
Accuracy after epoch 5 : 0.839127617642757
Test accuracy after epoch 5 : 0.7519105408753842
Loss after epoch 6 : 0.42743760465675806
Accuracy after epoch 6 : 0.8388480018348304
Test accuracy after epoch 6 : 0.7554520133879289
Loss after epoch 7 : 0.4260295606256031
Accuracy after epoch 7 : 0.8401528765792138
Test accuracy after epoch 7 : 0.6849953492278822
Loss after epoch 8 : 0.4235654132998386
Accuracy after epoch 8 : 0.8413645459533637
Test accuracy after epoch 8 : 0.7560111930074808
Loss after epoch 9 : 0.4213629488067518
Accuracy after epoch 9 : 0.8422965992890352
Test accuracy after epoch 9 : 0.7371854708890213
Train accuracy: 0.8422965992890352, test accuracy: 0.7371854708890213
fold: 3
Loss after epoch 0 : 0.637321382677685
Accuracy after epoch 0 : 0.6210447987584522
Test accuracy after epoch 0 : 0.6983594425705989
Loss after epoch 1 : 0.46786364837168715
Accuracy after epoch 1 : 0.821939532892297
Test accuracy after epoch 1 : 0.6731916570190082
Loss after epoch 2 : 0.4598141084103602
Accuracy after epoch 2 : 0.8202619149887227
Test accuracy after epoch 2 : 0.6165175321084808
Loss after epoch 3 : 0.45741101485792407
Accuracy after epoch 3 : 0.8158814690212395
Test accuracy after epoch 3 : 0.6813944913196883
Loss after epoch 4 : 0.4520204897896018
Accuracy after epoch 4 : 0.8208677215158198
Test accuracy after epoch 4 : 0.6862416198056283
Loss after epoch 5 : 0.4447495778358646
Accuracy after epoch 5 : 0.8265063810120191
Test accuracy after epoch 5 : 0.6976137301599152
Loss after epoch 6 : 0.44315805313455214
Accuracy after epoch 6 : 0.8294422122901526
Test accuracy after epoch 6 : 0.6897837525312799
Loss after epoch 7 : 0.44167340104643915
Accuracy after epoch 7 : 0.829349011732751
Test accuracy after epoch 7 : 0.6841909118013361
Loss after epoch 8 : 0.4383493613306957
Accuracy after epoch 8 : 0.8307470263850517
Test accuracy after epoch 8 : 0.689038040753979
Loss after epoch 9 : 0.4499241648346544
Accuracy after epoch 9 : 0.823756952440257
Test accuracy after epoch 9 : 0.6909023211639733
Train accuracy: 0.823756952440257, test accuracy: 0.6909023211639733
fold: 4
Loss after epoch 0 : 0.6352214728832778
Accuracy after epoch 0 : 0.6657812745274821
Test accuracy after epoch 0 : 0.8728560849324168
Loss after epoch 1 : 0.5444652584134316
Accuracy after epoch 1 : 0.7722168055411304
Test accuracy after epoch 1 : 0.9138702511520728
Loss after epoch 2 : 0.5129268452929224
Accuracy after epoch 2 : 0.781070899304253
Test accuracy after epoch 2 : 0.8864653300685638
Loss after epoch 3 : 0.4960359868879654
Accuracy after epoch 3 : 0.7914628097682037
Test accuracy after epoch 3 : 0.9067859858341132
Loss after epoch 4 : 0.48732067308413907
Accuracy after epoch 4 : 0.7963558620386951
Test accuracy after epoch 4 : 0.8900074624275202
Loss after epoch 5 : 0.48115509713882504
Accuracy after epoch 5 : 0.8000373012133283
Test accuracy after epoch 5 : 0.9047352775297975
Loss after epoch 6 : 0.4797464127701556
Accuracy after epoch 6 : 0.7988256880133099
Test accuracy after epoch 6 : 0.8903803183661745
Loss after epoch 7 : 0.47683527860306213
Accuracy after epoch 7 : 0.8000839018045097
Test accuracy after epoch 7 : 0.888702466133857
Loss after epoch 8 : 0.4714855489065636
Accuracy after epoch 8 : 0.8035789385852523
Test accuracy after epoch 8 : 0.8965324436791524
Loss after epoch 9 : 0.46795318466276636
Accuracy after epoch 9 : 0.8038585411823997
Test accuracy after epoch 9 : 0.9034302811027907
Train accuracy: 0.8038585411823997, test accuracy: 0.9034302811027907
eps: 4.0 (rho_0, rho_1): (0.3472810179742222, 0.2833828163430854)
SB acc:0.6818333766667904
Viterbi Acc: 0.8441109831742376
fold: 0
Loss after epoch 0 : 0.6402723251156944
Accuracy after epoch 0 : 0.6365924284885709
Test accuracy after epoch 0 : 0.8784715794339317
Loss after epoch 1 : 0.46643256631632707
Accuracy after epoch 1 : 0.8178302001707017
Test accuracy after epoch 1 : 0.8846225580153683
Loss after epoch 2 : 0.4411940359855985
Accuracy after epoch 2 : 0.8193680881740041
Test accuracy after epoch 2 : 0.8794035463775304
Loss after epoch 3 : 0.4308032070937222
Accuracy after epoch 3 : 0.8191350751845253
Test accuracy after epoch 3 : 0.8842497718745265
Loss after epoch 4 : 0.4280825622769285
Accuracy after epoch 4 : 0.8189020622936564
Test accuracy after epoch 4 : 0.8833178051975655
Loss after epoch 5 : 0.42544848406893065
Accuracy after epoch 5 : 0.8203467443114569
Test accuracy after epoch 5 : 0.88685927774344
Loss after epoch 6 : 0.4233316220082749
Accuracy after epoch 6 : 0.8203001412860678
Test accuracy after epoch 6 : 0.8863000980738935
Loss after epoch 7 : 0.4205488535797659
Accuracy after epoch 7 : 0.8207661684941729
Test accuracy after epoch 7 : 0.8872320645842059
Loss after epoch 8 : 0.41893081292864126
Accuracy after epoch 8 : 0.8222574535734735
Test accuracy after epoch 8 : 0.8887232107807295
Loss after epoch 9 : 0.41713967600455654
Accuracy after epoch 9 : 0.8218380297282523
Test accuracy after epoch 9 : 0.8911463236708788
Train accuracy: 0.8218380297282523, test accuracy: 0.8911463236708788
fold: 1
Loss after epoch 0 : 0.6528061489702971
Accuracy after epoch 0 : 0.6143629579683398
Test accuracy after epoch 0 : 0.17204100980118736
Loss after epoch 1 : 0.5777094977959129
Accuracy after epoch 1 : 0.6762512994771991
Test accuracy after epoch 1 : 0.8279589973980316
Loss after epoch 2 : 0.49958283138201826
Accuracy after epoch 2 : 0.7816665318671894
Test accuracy after epoch 2 : 0.8702702751697388
Loss after epoch 3 : 0.480354509416625
Accuracy after epoch 3 : 0.8079970382943559
Test accuracy after epoch 3 : 0.8736253542035735
Loss after epoch 4 : 0.47261264695280053
Accuracy after epoch 4 : 0.8087892831607949
Test accuracy after epoch 4 : 0.8648648698532125
Loss after epoch 5 : 0.4667617851607387
Accuracy after epoch 5 : 0.8169447498270868
Test accuracy after epoch 5 : 0.872134207640423
Loss after epoch 6 : 0.4628790420008032
Accuracy after epoch 6 : 0.8143349995369435
Test accuracy after epoch 6 : 0.8725069941978864
Loss after epoch 7 : 0.46141234216474775
Accuracy after epoch 7 : 0.8195078961418553
Test accuracy after epoch 7 : 0.87343896054155
Loss after epoch 8 : 0.46133429727259045
Accuracy after epoch 8 : 0.8171311608967149
Test accuracy after epoch 8 : 0.8721342075570987
Loss after epoch 9 : 0.45922616850256687
Accuracy after epoch 9 : 0.8189952664916852
Test accuracy after epoch 9 : 0.8734389605082203
Train accuracy: 0.8189952664916852, test accuracy: 0.8734389605082203
fold: 2
Loss after epoch 0 : 0.528523561364284
Accuracy after epoch 0 : 0.7601360979223754
Test accuracy after epoch 0 : 0.7576887327493737
Loss after epoch 1 : 0.4202779057991048
Accuracy after epoch 1 : 0.8509180920078944
Test accuracy after epoch 1 : 0.7211556479348719
Loss after epoch 2 : 0.4110086268266553
Accuracy after epoch 2 : 0.853993867121457
Test accuracy after epoch 2 : 0.7429636630129837
Loss after epoch 3 : 0.4042924504090795
Accuracy after epoch 3 : 0.8559511794213625
Test accuracy after epoch 3 : 0.7573159464752129
Loss after epoch 4 : 0.4132926983830147
Accuracy after epoch 4 : 0.8439276920861907
Test accuracy after epoch 4 : 0.7657036442514457
Loss after epoch 5 : 0.4016694753762227
Accuracy after epoch 5 : 0.8501724490599171
Test accuracy after epoch 5 : 0.7534016870719078
Loss after epoch 6 : 0.39833158168182514
Accuracy after epoch 6 : 0.8525025826171478
Test accuracy after epoch 6 : 0.7642124979049384
Loss after epoch 7 : 0.3957324176006121
Accuracy after epoch 7 : 0.8516637345808774
Test accuracy after epoch 7 : 0.7666356110450606
Loss after epoch 8 : 0.39332550757626833
Accuracy after epoch 8 : 0.8540870730805702
Test accuracy after epoch 8 : 0.7614165989572715
Loss after epoch 9 : 0.4192467276355825
Accuracy after epoch 9 : 0.8346537623548566
Test accuracy after epoch 9 : 0.7465051356421823
Train accuracy: 0.8346537623548566, test accuracy: 0.7465051356421823
fold: 3
Loss after epoch 0 : 0.6290506273633046
Accuracy after epoch 0 : 0.6352579484748521
Test accuracy after epoch 0 : 0.7227815162948847
Loss after epoch 1 : 0.4327181487888106
Accuracy after epoch 1 : 0.8446805735168033
Test accuracy after epoch 1 : 0.7132736858172172
Loss after epoch 2 : 0.4083340939468667
Accuracy after epoch 2 : 0.8413253375513311
Test accuracy after epoch 2 : 0.6970544461935959
Loss after epoch 3 : 0.4072199545702789
Accuracy after epoch 3 : 0.8516240465912671
Test accuracy after epoch 3 : 0.731543633761822
Loss after epoch 4 : 0.38192321340740143
Accuracy after epoch 4 : 0.8605247401831184
Test accuracy after epoch 4 : 0.7315436335784744
Loss after epoch 5 : 0.3609873121877706
Accuracy after epoch 5 : 0.8610373461694796
Test accuracy after epoch 5 : 0.7339671982381435
Loss after epoch 6 : 0.3547293059205022
Accuracy after epoch 6 : 0.86005873557539
Test accuracy after epoch 6 : 0.719612239257868
Loss after epoch 7 : 0.3549733878073494
Accuracy after epoch 7 : 0.8592665274876841
Test accuracy after epoch 7 : 0.7354586227428193
Loss after epoch 8 : 0.3521885340952627
Accuracy after epoch 8 : 0.8595927307426755
Test accuracy after epoch 8 : 0.7170022466038698
Loss after epoch 9 : 0.35123438948829444
Accuracy after epoch 9 : 0.863740173800082
Test accuracy after epoch 9 : 0.7319164897838162
Train accuracy: 0.863740173800082, test accuracy: 0.7319164897838162
fold: 4
Loss after epoch 0 : 0.6164956234139306
Accuracy after epoch 0 : 0.6563679738576705
Test accuracy after epoch 0 : 0.9127516829360784
Loss after epoch 1 : 0.49396116684144326
Accuracy after epoch 1 : 0.792301618609581
Test accuracy after epoch 1 : 0.9049217051907674
Loss after epoch 2 : 0.4811409859474658
Accuracy after epoch 2 : 0.7978936779604048
Test accuracy after epoch 2 : 0.9116331146700803
Loss after epoch 3 : 0.4809672312260607
Accuracy after epoch 3 : 0.7986858867688994
Test accuracy after epoch 3 : 0.9084638380497627
Loss after epoch 4 : 0.4829120062851926
Accuracy after epoch 4 : 0.7942122394482306
Test accuracy after epoch 4 : 0.9120059707420785
Loss after epoch 5 : 0.47437242743253777
Accuracy after epoch 5 : 0.8028799309257892
Test accuracy after epoch 5 : 0.9112602585647464
Loss after epoch 6 : 0.473394146845732
Accuracy after epoch 6 : 0.8033925362830227
Test accuracy after epoch 6 : 0.9075316977947617
Loss after epoch 7 : 0.4741935577865316
Accuracy after epoch 7 : 0.8023207254565113
Test accuracy after epoch 7 : 0.9123788268307444
Loss after epoch 8 : 0.4708692115117859
Accuracy after epoch 8 : 0.8015751170600426
Test accuracy after epoch 8 : 0.9118195427144133
Loss after epoch 9 : 0.4655353037595149
Accuracy after epoch 9 : 0.8068875731012629
Test accuracy after epoch 9 : 0.9105145464040822
Train accuracy: 0.8068875731012629, test accuracy: 0.9105145464040822
eps: 4.5 (rho_0, rho_1): (0.3025112154806662, 0.2406595816438959)
SB acc:0.7257735022100064
Viterbi Acc: 0.8629424655499016
fold: 0
Loss after epoch 0 : 0.5774685967133503
Accuracy after epoch 0 : 0.722201529077464
Test accuracy after epoch 0 : 0.8833178051309061
Loss after epoch 1 : 0.4781661499911325
Accuracy after epoch 1 : 0.8056669049579551
Test accuracy after epoch 1 : 0.8769804332874028
Loss after epoch 2 : 0.4713188586269706
Accuracy after epoch 2 : 0.8125640994663706
Test accuracy after epoch 2 : 0.8626281502917895
Loss after epoch 3 : 0.4692506159121743
Accuracy after epoch 3 : 0.8122378803969474
Test accuracy after epoch 3 : 0.8618825770602089
Loss after epoch 4 : 0.462298161446265
Accuracy after epoch 4 : 0.8164787226467588
Test accuracy after epoch 4 : 0.8823858387872424
Loss after epoch 5 : 0.4619636296192827
Accuracy after epoch 5 : 0.8156864772386615
Test accuracy after epoch 5 : 0.8728797810386523
Loss after epoch 6 : 0.46102588922660176
Accuracy after epoch 6 : 0.8171777632387812
Test accuracy after epoch 6 : 0.8579683179402062
Loss after epoch 7 : 0.4598786808948194
Accuracy after epoch 7 : 0.8166185308396067
Test accuracy after epoch 7 : 0.876048466960404
Loss after epoch 8 : 0.4599084635586721
Accuracy after epoch 8 : 0.8162457098267221
Test accuracy after epoch 8 : 0.8835041984596324
Loss after epoch 9 : 0.45821972714978154
Accuracy after epoch 9 : 0.817317571399685
Test accuracy after epoch 9 : 0.875116500516751
Train accuracy: 0.817317571399685, test accuracy: 0.875116500516751
fold: 1
Loss after epoch 0 : 0.5676850457080823
Accuracy after epoch 0 : 0.6999254538596471
Test accuracy after epoch 0 : 0.857036350829959
Loss after epoch 1 : 0.4984559983948206
Accuracy after epoch 1 : 0.774629528957596
Test accuracy after epoch 1 : 0.8630009366659394
Loss after epoch 2 : 0.45859574838360495
Accuracy after epoch 2 : 0.8142883974101517
Test accuracy after epoch 2 : 0.8691519149974031
Loss after epoch 3 : 0.45177970381298976
Accuracy after epoch 3 : 0.8120514698300894
Test accuracy after epoch 3 : 0.8700838815577099
Loss after epoch 4 : 0.4476945464329277
Accuracy after epoch 4 : 0.8215584133675563
Test accuracy after epoch 4 : 0.8672879821767567
Loss after epoch 5 : 0.4467218174368168
Accuracy after epoch 5 : 0.8195078960126906
Test accuracy after epoch 5 : 0.8712022410801161
Loss after epoch 6 : 0.4340764645852621
Accuracy after epoch 6 : 0.8206729625142268
Test accuracy after epoch 6 : 0.8717614213329326
Loss after epoch 7 : 0.41780282800503205
Accuracy after epoch 7 : 0.8280827866617014
Test accuracy after epoch 7 : 0.867847162446238
Loss after epoch 8 : 0.41260869618372975
Accuracy after epoch 8 : 0.8287352243547216
Test accuracy after epoch 8 : 0.8835041985929513
Loss after epoch 9 : 0.41050847208604885
Accuracy after epoch 9 : 0.8295740717396131
Test accuracy after epoch 9 : 0.8784715798005587
Train accuracy: 0.8295740717396131, test accuracy: 0.8784715798005587
fold: 2
Loss after epoch 0 : 0.5387868962709151
Accuracy after epoch 0 : 0.7948084822049044
Test accuracy after epoch 0 : 0.7569431591011716
Loss after epoch 1 : 0.4465670570760324
Accuracy after epoch 1 : 0.8391742209584195
Test accuracy after epoch 1 : 0.7653308575773283
Loss after epoch 2 : 0.42442207512473606
Accuracy after epoch 2 : 0.8415975597206083
Test accuracy after epoch 2 : 0.7459459551227282
Loss after epoch 3 : 0.43338609534517025
Accuracy after epoch 3 : 0.8346537618923636
Test accuracy after epoch 3 : 0.7645852842457586
Loss after epoch 4 : 0.41765636434793674
Accuracy after epoch 4 : 0.8437412816346086
Test accuracy after epoch 4 : 0.7649580707532273
Loss after epoch 5 : 0.4185070263996183
Accuracy after epoch 5 : 0.8403392870099627
Test accuracy after epoch 5 : 0.7679403637628742
Loss after epoch 6 : 0.417192449320919
Accuracy after epoch 6 : 0.8421567911850749
Test accuracy after epoch 6 : 0.768313150270343
Loss after epoch 7 : 0.4162280135541979
Accuracy after epoch 7 : 0.8446733351980543
Test accuracy after epoch 7 : 0.7634669245567037
Loss after epoch 8 : 0.4229694407913383
Accuracy after epoch 8 : 0.8395936448828062
Test accuracy after epoch 8 : 0.7630941379825755
Loss after epoch 9 : 0.43915512006826696
Accuracy after epoch 9 : 0.8245409836094892
Test accuracy after epoch 9 : 0.7666356106284391
Train accuracy: 0.8245409836094892, test accuracy: 0.7666356106284391
fold: 3
Loss after epoch 0 : 0.6243137675005529
Accuracy after epoch 0 : 0.6562747726794741
Test accuracy after epoch 0 : 0.6845637683067013
Loss after epoch 1 : 0.49659686910729517
Accuracy after epoch 1 : 0.7912298076414118
Test accuracy after epoch 1 : 0.686428048483344
Loss after epoch 2 : 0.4853628156678051
Accuracy after epoch 2 : 0.7753856394335255
Test accuracy after epoch 2 : 0.6675988161723886
Loss after epoch 3 : 0.42586465803752704
Accuracy after epoch 3 : 0.8393681167256294
Test accuracy after epoch 3 : 0.7170022465205299
Loss after epoch 4 : 0.3983896239125632
Accuracy after epoch 4 : 0.8541870739482323
Test accuracy after epoch 4 : 0.7149515380328667
Loss after epoch 5 : 0.3977720400712695
Accuracy after epoch 5 : 0.8540938728033671
Test accuracy after epoch 5 : 0.7179343871255582
Loss after epoch 6 : 0.39619900918570117
Accuracy after epoch 6 : 0.8530686614972702
Test accuracy after epoch 6 : 0.7130872581729153
Loss after epoch 7 : 0.3951651565845132
Accuracy after epoch 7 : 0.8541870738524049
Test accuracy after epoch 7 : 0.715697250593562
Loss after epoch 8 : 0.39035363884438073
Accuracy after epoch 8 : 0.8551656838881958
Test accuracy after epoch 8 : 0.7183072429975407
Loss after epoch 9 : 0.39107008396887666
Accuracy after epoch 9 : 0.8547928799753604
Test accuracy after epoch 9 : 0.7214765196345263
Train accuracy: 0.8547928799753604, test accuracy: 0.7214765196345263
fold: 4
Loss after epoch 0 : 0.5989557654915291
Accuracy after epoch 0 : 0.6945803803396312
Test accuracy after epoch 0 : 0.9190902364100653
Loss after epoch 1 : 0.46845407323661314
Accuracy after epoch 1 : 0.8155552650246273
Test accuracy after epoch 1 : 0.91237882703076
Loss after epoch 2 : 0.4643736315741698
Accuracy after epoch 2 : 0.8184910963610904
Test accuracy after epoch 2 : 0.9153616756734165
Loss after epoch 3 : 0.46507084042225466
Accuracy after epoch 3 : 0.8191901038039002
Test accuracy after epoch 3 : 0.9151752477290913
Loss after epoch 4 : 0.45736929661807046
Accuracy after epoch 4 : 0.8207279202255788
Test accuracy after epoch 4 : 0.9123788268974163
Loss after epoch 5 : 0.44859214228709915
Accuracy after epoch 5 : 0.8253413688323222
Test accuracy after epoch 5 : 0.9187173803047313
Loss after epoch 6 : 0.44434417587170427
Accuracy after epoch 6 : 0.8261801771862297
Test accuracy after epoch 6 : 0.9207680887257226
Loss after epoch 7 : 0.4423779819451266
Accuracy after epoch 7 : 0.8276713935333616
Test accuracy after epoch 7 : 0.9224459410747159
Loss after epoch 8 : 0.4409117395480585
Accuracy after epoch 8 : 0.8263199791055984
Test accuracy after epoch 8 : 0.9241237934070412
Loss after epoch 9 : 0.4387980618347227
Accuracy after epoch 9 : 0.8278111947902712
Test accuracy after epoch 9 : 0.9200223766150624
Train accuracy: 0.8278111947902712, test accuracy: 0.9200223766150624
eps: 5.0 (rho_0, rho_1): (0.25238524045384125, 0.1958067623922)
SB acc:0.774579355941017
Viterbi Acc: 0.8817739479255655
fold: 0
Loss after epoch 0 : 0.5625802014738547
Accuracy after epoch 0 : 0.7343182216800929
Test accuracy after epoch 0 : 0.8633737230900839
Loss after epoch 1 : 0.47115621505201544
Accuracy after epoch 1 : 0.8156864777136542
Test accuracy after epoch 1 : 0.8866728842314003
Loss after epoch 2 : 0.465762664252298
Accuracy after epoch 2 : 0.8169913523677611
Test accuracy after epoch 2 : 0.8801491191924896
Loss after epoch 3 : 0.46491115733352095
Accuracy after epoch 3 : 0.8156398752965891
Test accuracy after epoch 3 : 0.8710158480346925
Loss after epoch 4 : 0.46637406181216007
Accuracy after epoch 4 : 0.8148942326111077
Test accuracy after epoch 4 : 0.8844361648032961
Loss after epoch 5 : 0.46678361682409275
Accuracy after epoch 5 : 0.8160126960247558
Test accuracy after epoch 5 : 0.8829450184734536
Loss after epoch 6 : 0.46552476843442536
Accuracy after epoch 6 : 0.8138223711367544
Test accuracy after epoch 6 : 0.8881640306445671
Loss after epoch 7 : 0.45882552987975317
Accuracy after epoch 7 : 0.819041869237912
Test accuracy after epoch 7 : 0.885927311199798
Loss after epoch 8 : 0.4583745685483878
Accuracy after epoch 8 : 0.8198341148737837
Test accuracy after epoch 8 : 0.8874184575129755
Loss after epoch 9 : 0.4641108573032952
Accuracy after epoch 9 : 0.8157330805112691
Test accuracy after epoch 9 : 0.8928238628461665
Train accuracy: 0.8157330805112691, test accuracy: 0.8928238628461665
fold: 1
Loss after epoch 0 : 0.5322658689721257
Accuracy after epoch 0 : 0.7642371343556916
Test accuracy after epoch 0 : 0.8514445530012847
Loss after epoch 1 : 0.4747192572165975
Accuracy after epoch 1 : 0.80995434959011
Test accuracy after epoch 1 : 0.8602050377182725
Loss after epoch 2 : 0.46141460417101493
Accuracy after epoch 2 : 0.8132631389056328
Test accuracy after epoch 2 : 0.8505125867576101
Loss after epoch 3 : 0.46740306948845634
Accuracy after epoch 3 : 0.8178302009040239
Test accuracy after epoch 3 : 0.8607642177211161
Loss after epoch 4 : 0.4550528374586753
Accuracy after epoch 4 : 0.8199739225110844
Test accuracy after epoch 4 : 0.8782851867051404
Loss after epoch 5 : 0.44626472833721803
Accuracy after epoch 5 : 0.8256128454477258
Test accuracy after epoch 5 : 0.8689655221519577
Loss after epoch 6 : 0.4431821435694092
Accuracy after epoch 6 : 0.8230496989843485
Test accuracy after epoch 6 : 0.8797763328350046
Loss after epoch 7 : 0.4398974027398215
Accuracy after epoch 7 : 0.822909890945665
Test accuracy after epoch 7 : 0.8676607689175335
Loss after epoch 8 : 0.43820015618279223
Accuracy after epoch 8 : 0.8230030960714576
Test accuracy after epoch 8 : 0.8790307596367537
Loss after epoch 9 : 0.428725892327453
Accuracy after epoch 9 : 0.8236089299821556
Test accuracy after epoch 9 : 0.8808946924407351
Train accuracy: 0.8236089299821556, test accuracy: 0.8808946924407351
fold: 2
Loss after epoch 0 : 0.5044484867966639
Accuracy after epoch 0 : 0.797231821419864
Test accuracy after epoch 0 : 0.7588070929217094
Loss after epoch 1 : 0.4218773726068764
Accuracy after epoch 1 : 0.83777614024659
Test accuracy after epoch 1 : 0.7783783879384524
Loss after epoch 2 : 0.42144853001221416
Accuracy after epoch 2 : 0.8380091542027205
Test accuracy after epoch 2 : 0.7800559276470156
Loss after epoch 3 : 0.4366084802390678
Accuracy after epoch 3 : 0.8382421671894215
Test accuracy after epoch 3 : 0.7345759655533832
Loss after epoch 4 : 0.4430682664814694
Accuracy after epoch 4 : 0.8318109994043963
Test accuracy after epoch 4 : 0.7356943252091084
Loss after epoch 5 : 0.43678844329995553
Accuracy after epoch 5 : 0.8334420928307088
Test accuracy after epoch 5 : 0.7444548097427827
Loss after epoch 6 : 0.42402046506243907
Accuracy after epoch 6 : 0.8405723002827704
Test accuracy after epoch 6 : 0.7438956297066094
Loss after epoch 7 : 0.4178966773261996
Accuracy after epoch 7 : 0.8455121826759999
Test accuracy after epoch 7 : 0.7675675770220974
Loss after epoch 8 : 0.41033512336817207
Accuracy after epoch 8 : 0.8477025082098247
Test accuracy after epoch 8 : 0.7753960951954432
Loss after epoch 9 : 0.41126370284813624
Accuracy after epoch 9 : 0.8455587856416679
Test accuracy after epoch 9 : 0.7739049490489142
Train accuracy: 0.8455587856416679, test accuracy: 0.7739049490489142
fold: 3
Loss after epoch 0 : 0.4782433422510938
Accuracy after epoch 0 : 0.8206813180928262
Test accuracy after epoch 0 : 0.7179343866588552
Loss after epoch 1 : 0.39586605454269386
Accuracy after epoch 1 : 0.8574025077735162
Test accuracy after epoch 1 : 0.7175615307202009
Loss after epoch 2 : 0.3901092380093635
Accuracy after epoch 2 : 0.8574491078730615
Test accuracy after epoch 2 : 0.7145786821775522
Loss after epoch 3 : 0.3865994793665719
Accuracy after epoch 3 : 0.8586141201319202
Test accuracy after epoch 3 : 0.722595088117208
Loss after epoch 4 : 0.3833786664785271
Accuracy after epoch 4 : 0.8600121356466676
Test accuracy after epoch 4 : 0.7227815161115371
Loss after epoch 5 : 0.3791410104190133
Accuracy after epoch 5 : 0.8594063287612593
Test accuracy after epoch 5 : 0.7194258111301951
Loss after epoch 6 : 0.36043437731759254
Accuracy after epoch 6 : 0.8589403239077127
Test accuracy after epoch 6 : 0.7160701068822436
Loss after epoch 7 : 0.3517093225284632
Accuracy after epoch 7 : 0.8586141206777197
Test accuracy after epoch 7 : 0.7129008304786095
Loss after epoch 8 : 0.349134661425983
Accuracy after epoch 8 : 0.8590801257854173
Test accuracy after epoch 8 : 0.7246457967548829
Loss after epoch 9 : 0.3458534649960949
Accuracy after epoch 9 : 0.8585209193870302
Test accuracy after epoch 9 : 0.7201715237408943
Train accuracy: 0.8585209193870302, test accuracy: 0.7201715237408943
fold: 4
Loss after epoch 0 : 0.5621228826664199
Accuracy after epoch 0 : 0.7514329845673985
Test accuracy after epoch 0 : 0.9110738305704172
Loss after epoch 1 : 0.469369171291948
Accuracy after epoch 1 : 0.812200029609121
Test accuracy after epoch 1 : 0.9071588418227714
Loss after epoch 2 : 0.46034489075065094
Accuracy after epoch 2 : 0.8130388388379743
Test accuracy after epoch 2 : 0.9071588417560995
Loss after epoch 3 : 0.4556162834900666
Accuracy after epoch 3 : 0.8138310471006694
Test accuracy after epoch 3 : 0.9064131295454315
Loss after epoch 4 : 0.4341174719872373
Accuracy after epoch 4 : 0.8154154639510397
Test accuracy after epoch 4 : 0.909209550143755
Loss after epoch 5 : 0.42245490277050124
Accuracy after epoch 5 : 0.8161144711271993
Test accuracy after epoch 5 : 0.909209550143755
Loss after epoch 6 : 0.41878263278233463
Accuracy after epoch 6 : 0.8145300545684777
Test accuracy after epoch 6 : 0.9134973950634067
Loss after epoch 7 : 0.4151727962142301
Accuracy after epoch 7 : 0.8147164565665596
Test accuracy after epoch 7 : 0.9101416903320841
Loss after epoch 8 : 0.41272121012994023
Accuracy after epoch 8 : 0.8182114937722758
Test accuracy after epoch 8 : 0.9107009744484152
Loss after epoch 9 : 0.4092336375415242
Accuracy after epoch 9 : 0.8167202774793072
Test accuracy after epoch 9 : 0.9146159633127369
Train accuracy: 0.8167202774793072, test accuracy: 0.9146159633127369
