eps: 0.5
noise: 0.3775406687981454
Probability of not flipping state 0.6224593312018546
pf_noise: 0.4985655548860036 at theta: 0.02
theta 0.02
Final LSTM attacker success probability: 0.6636210680007935
Estimated eps:  0.6794730075433042
Final DP attacker success probability: 0.622405
Estimated eps:  0.4997688135926851
Final Correlation attacker success probability: 0.832615
Estimated eps:  1.6042748021467688

pf_noise: 0.4945960992370292 at theta: 0.07333333333333333
theta 0.07333333333333333
Final LSTM attacker success probability: 0.626219630241394
Estimated eps:  0.5160327783157036
Final DP attacker success probability: 0.621565
Estimated eps:  0.4961961635469334
Final Correlation attacker success probability: 0.7308
Estimated eps:  0.998685226733279

pf_noise: 0.49040570980192616 at theta: 0.12666666666666665
theta 0.12666666666666665
Final LSTM attacker success probability: 0.5668784379959106
Estimated eps:  0.26912645341313507
Final DP attacker success probability: 0.622225
Estimated eps:  0.4990029833629468
Final Correlation attacker success probability: 0.65263
Estimated eps:  0.6306198587766312

pf_noise: 0.48597975437512325 at theta: 0.17999999999999997
theta 0.17999999999999997
Final LSTM attacker success probability: 0.55894935131073
Estimated eps:  0.23689914467826959
Final DP attacker success probability: 0.624015
Estimated eps:  0.5066251575649451
Final Correlation attacker success probability: 0.660785
Estimated eps:  0.6667943975531447

pf_noise: 0.4813029101607211 at theta: 0.2333333333333333
theta 0.2333333333333333
Final LSTM attacker success probability: 0.5987756252288818
Estimated eps:  0.4003661367802743
Final DP attacker success probability: 0.62319
Estimated eps:  0.5031103665865239
Final Correlation attacker success probability: 0.63321
Estimated eps:  0.546012643483486

pf_noise: 0.4763592551200918 at theta: 0.2866666666666667
theta 0.2866666666666667
Final LSTM attacker success probability: 0.5936630964279175
Estimated eps:  0.37912935347352805
Final DP attacker success probability: 0.621275
Estimated eps:  0.494963470005478
Final Correlation attacker success probability: 0.621885
Estimated eps:  0.49755680603117397

pf_noise: 0.47113240488261654 at theta: 0.33999999999999997
theta 0.33999999999999997
Final LSTM attacker success probability: 0.5528660714626312
Estimated eps:  0.21225762061828368
Final DP attacker success probability: 0.621865
Estimated eps:  0.4974717526651552
Final Correlation attacker success probability: 0.621865
Estimated eps:  0.4974717526651552

pf_noise: 0.4656057059434611 at theta: 0.3933333333333333
theta 0.3933333333333333
Final LSTM attacker success probability: 0.5899369716644287
Estimated eps:  0.363704827974668
Final DP attacker success probability: 0.62253
Estimated eps:  0.5003007246162325
Final Correlation attacker success probability: 0.62253
Estimated eps:  0.5003007246162325

pf_noise: 0.4597624967876916 at theta: 0.44666666666666666
theta 0.44666666666666666
Final LSTM attacker success probability: 0.5144274234771729
Estimated eps:  0.057725718320527024
Final DP attacker success probability: 0.62344
Estimated eps:  0.5041751324424186
Final Correlation attacker success probability: 0.62344
Estimated eps:  0.5041751324424186

pf_noise: 0.45358644883543414 at theta: 0.5
theta 0.5
Final LSTM attacker success probability: 0.5895418524742126
Estimated eps:  0.36207174519629604
Final DP attacker success probability: 0.62404
Estimated eps:  0.5067317141269482
Final Correlation attacker success probability: 0.62404
Estimated eps:  0.5067317141269482

theta,suc_DP,suc_BDP,suc_LSTM,eps_DP,eps_BDP,eps_LSTM
0.02,0.622405,0.832615,0.6636210680007935,0.4997688135926851,1.6042748021467688,0.6794730075433042
0.07333333333333333,0.621565,0.7308,0.626219630241394,0.4961961635469334,0.998685226733279,0.5160327783157036
0.12666666666666665,0.622225,0.65263,0.5668784379959106,0.4990029833629468,0.6306198587766312,0.26912645341313507
0.17999999999999997,0.624015,0.660785,0.55894935131073,0.5066251575649451,0.6667943975531447,0.23689914467826959
0.2333333333333333,0.62319,0.63321,0.5987756252288818,0.5031103665865239,0.546012643483486,0.4003661367802743
0.2866666666666667,0.621275,0.621885,0.5936630964279175,0.494963470005478,0.49755680603117397,0.37912935347352805
0.33999999999999997,0.621865,0.621865,0.5528660714626312,0.4974717526651552,0.4974717526651552,0.21225762061828368
0.3933333333333333,0.62253,0.62253,0.5899369716644287,0.5003007246162325,0.5003007246162325,0.363704827974668
0.44666666666666666,0.62344,0.62344,0.5144274234771729,0.5041751324424186,0.5041751324424186,0.057725718320527024
0.5,0.62404,0.62404,0.5895418524742126,0.5067317141269482,0.5067317141269482,0.36207174519629604
